{
  "uid" : "d7e006ca43acb972",
  "name" : "test_two",
  "fullName" : "test_add#test_two",
  "historyId" : "a82824dcfff85ec2fe088f15a9dbd4ad",
  "time" : {
    "start" : 1629031704654,
    "stop" : 1629031704654,
    "duration" : 0
  },
  "status" : "failed",
  "statusMessage" : "AssertionError: assert 't' in 'hello'",
  "statusTrace" : "def test_two():\n        x = \"hello\"\n>       assert \"t\" in x\nE       AssertionError: assert 't' in 'hello'\n\ntest_add.py:7: AssertionError",
  "flaky" : false,
  "newFailed" : false,
  "beforeStages" : [ ],
  "afterStages" : [ ],
  "labels" : [ {
    "name" : "suite",
    "value" : "test_add"
  }, {
    "name" : "host",
    "value" : "LAPTOP-RKEMAGAR"
  }, {
    "name" : "thread",
    "value" : "7064-MainThread"
  }, {
    "name" : "framework",
    "value" : "pytest"
  }, {
    "name" : "language",
    "value" : "cpython3"
  }, {
    "name" : "package",
    "value" : "test_add"
  }, {
    "name" : "resultFormat",
    "value" : "allure2"
  } ],
  "parameters" : [ ],
  "links" : [ ],
  "hidden" : true,
  "retry" : true,
  "extra" : {
    "categories" : [ ],
    "tags" : [ ]
  },
  "source" : "d7e006ca43acb972.json",
  "parameterValues" : [ ]
}